2026-03-18 23:02:54 0 [Note] Starting MariaDB 10.4.32-MariaDB source revision c4143f909528e3fab0677a28631d10389354c491 as process 9912
2026-03-18 23:02:54 0 [Note] InnoDB: Mutexes and rw_locks use Windows interlocked functions
2026-03-18 23:02:54 0 [Note] InnoDB: Uses event mutexes
2026-03-18 23:02:54 0 [Note] InnoDB: Compressed tables use zlib 1.3
2026-03-18 23:02:54 0 [Note] InnoDB: Number of pools: 1
2026-03-18 23:02:54 0 [Note] InnoDB: Using SSE2 crc32 instructions
2026-03-18 23:02:54 0 [Note] InnoDB: Initializing buffer pool, total size = 16M, instances = 1, chunk size = 16M
2026-03-18 23:02:54 0 [Note] InnoDB: Completed initialization of buffer pool
2026-03-18 23:02:54 0 [Note] InnoDB: Starting crash recovery from checkpoint LSN=300288
2026-03-18 23:02:54 0 [Note] InnoDB: 128 out of 128 rollback segments are active.
2026-03-18 23:02:54 0 [Note] InnoDB: Removed temporary tablespace data file: "ibtmp1"
2026-03-18 23:02:54 0 [Note] InnoDB: Creating shared tablespace for temporary tables
2026-03-18 23:02:54 0 [Note] InnoDB: Setting file 'F:\person2\mysql\data\ibtmp1' size to 12 MB. Physically writing the file full; Please wait ...
2026-03-18 23:02:54 0 [Note] InnoDB: File 'F:\person2\mysql\data\ibtmp1' size is now 12 MB.
2026-03-18 23:02:54 0 [Note] InnoDB: Waiting for purge to start
2026-03-18 23:02:54 0 [Note] InnoDB: 10.4.32 started; log sequence number 300297; transaction id 170
2026-03-18 23:02:54 0 [Note] InnoDB: Loading buffer pool(s) from F:\person2\mysql\data\ib_buffer_pool
2026-03-18 23:02:54 0 [Note] Plugin 'FEEDBACK' is disabled.
2026-03-18 23:02:54 0 [Note] InnoDB: Buffer pool(s) load completed at 260318 23:02:54
2026-03-18 23:02:54 0 [Note] Server socket created on IP: '::'.
2026-03-18 23:02:54 0 [ERROR] Can't start server: Bind on TCP/IP port. Got error: 10048: Only one usage of each socket address (protocol/network address/port) is normally permitted.

2026-03-18 23:02:54 0 [ERROR] Do you already have another mysqld server running on port: 3306 ?
2026-03-18 23:02:54 0 [ERROR] Aborting
2026-03-18 23:03:11 0 [Note] Starting MariaDB 10.4.32-MariaDB source revision c4143f909528e3fab0677a28631d10389354c491 as process 19004
2026-03-18 23:03:11 0 [Note] InnoDB: Mutexes and rw_locks use Windows interlocked functions
2026-03-18 23:03:11 0 [Note] InnoDB: Uses event mutexes
2026-03-18 23:03:11 0 [Note] InnoDB: Compressed tables use zlib 1.3
2026-03-18 23:03:11 0 [Note] InnoDB: Number of pools: 1
2026-03-18 23:03:11 0 [Note] InnoDB: Using SSE2 crc32 instructions
2026-03-18 23:03:11 0 [Note] InnoDB: Initializing buffer pool, total size = 16M, instances = 1, chunk size = 16M
2026-03-18 23:03:11 0 [Note] InnoDB: Completed initialization of buffer pool
2026-03-18 23:03:11 0 [Note] InnoDB: 128 out of 128 rollback segments are active.
2026-03-18 23:03:11 0 [Note] InnoDB: Creating shared tablespace for temporary tables
2026-03-18 23:03:11 0 [Note] InnoDB: Setting file 'F:\person2\mysql\data\ibtmp1' size to 12 MB. Physically writing the file full; Please wait ...
2026-03-18 23:03:11 0 [Note] InnoDB: File 'F:\person2\mysql\data\ibtmp1' size is now 12 MB.
2026-03-18 23:03:11 0 [Note] InnoDB: Waiting for purge to start
2026-03-18 23:03:11 0 [Note] InnoDB: 10.4.32 started; log sequence number 300306; transaction id 170
2026-03-18 23:03:11 0 [Note] InnoDB: Loading buffer pool(s) from F:\person2\mysql\data\ib_buffer_pool
2026-03-18 23:03:11 0 [Note] Plugin 'FEEDBACK' is disabled.
2026-03-18 23:03:11 0 [Note] Server socket created on IP: '::'.
2026-03-18 23:03:11 0 [Note] InnoDB: Buffer pool(s) load completed at 260318 23:03:11
2026-03-18 23:03:11 0 [ERROR] Can't start server: Bind on TCP/IP port. Got error: 10048: Only one usage of each socket address (protocol/network address/port) is normally permitted.

2026-03-18 23:03:11 0 [ERROR] Do you already have another mysqld server running on port: 3306 ?
2026-03-18 23:03:11 0 [ERROR] Aborting
2026-03-18 23:03:16 0 [Note] Starting MariaDB 10.4.32-MariaDB source revision c4143f909528e3fab0677a28631d10389354c491 as process 26696
2026-03-18 23:03:16 0 [Note] InnoDB: Mutexes and rw_locks use Windows interlocked functions
2026-03-18 23:03:16 0 [Note] InnoDB: Uses event mutexes
2026-03-18 23:03:16 0 [Note] InnoDB: Compressed tables use zlib 1.3
2026-03-18 23:03:16 0 [Note] InnoDB: Number of pools: 1
2026-03-18 23:03:16 0 [Note] InnoDB: Using SSE2 crc32 instructions
2026-03-18 23:03:16 0 [Note] InnoDB: Initializing buffer pool, total size = 16M, instances = 1, chunk size = 16M
2026-03-18 23:03:16 0 [Note] InnoDB: Completed initialization of buffer pool
2026-03-18 23:03:16 0 [Note] InnoDB: 128 out of 128 rollback segments are active.
2026-03-18 23:03:16 0 [Note] InnoDB: Creating shared tablespace for temporary tables
2026-03-18 23:03:16 0 [Note] InnoDB: Setting file 'F:\person2\mysql\data\ibtmp1' size to 12 MB. Physically writing the file full; Please wait ...
2026-03-18 23:03:16 0 [Note] InnoDB: File 'F:\person2\mysql\data\ibtmp1' size is now 12 MB.
2026-03-18 23:03:16 0 [Note] InnoDB: Waiting for purge to start
2026-03-18 23:03:16 0 [Note] InnoDB: 10.4.32 started; log sequence number 300315; transaction id 170
2026-03-18 23:03:16 0 [Note] InnoDB: Loading buffer pool(s) from F:\person2\mysql\data\ib_buffer_pool
2026-03-18 23:03:16 0 [Note] Plugin 'FEEDBACK' is disabled.
2026-03-18 23:03:16 0 [Note] InnoDB: Buffer pool(s) load completed at 260318 23:03:16
2026-03-18 23:03:16 0 [Note] Server socket created on IP: '::'.
2026-03-18 23:03:16 0 [ERROR] Can't start server: Bind on TCP/IP port. Got error: 10048: Only one usage of each socket address (protocol/network address/port) is normally permitted.

2026-03-18 23:03:16 0 [ERROR] Do you already have another mysqld server running on port: 3306 ?
2026-03-18 23:03:16 0 [ERROR] Aborting
2026-03-18 23:03:18 0 [Note] Starting MariaDB 10.4.32-MariaDB source revision c4143f909528e3fab0677a28631d10389354c491 as process 4312
2026-03-18 23:03:18 0 [Note] InnoDB: Mutexes and rw_locks use Windows interlocked functions
2026-03-18 23:03:18 0 [Note] InnoDB: Uses event mutexes
2026-03-18 23:03:18 0 [Note] InnoDB: Compressed tables use zlib 1.3
2026-03-18 23:03:18 0 [Note] InnoDB: Number of pools: 1
2026-03-18 23:03:18 0 [Note] InnoDB: Using SSE2 crc32 instructions
2026-03-18 23:03:18 0 [Note] InnoDB: Initializing buffer pool, total size = 16M, instances = 1, chunk size = 16M
2026-03-18 23:03:18 0 [Note] InnoDB: Completed initialization of buffer pool
2026-03-18 23:03:18 0 [Note] InnoDB: 128 out of 128 rollback segments are active.
2026-03-18 23:03:18 0 [Note] InnoDB: Creating shared tablespace for temporary tables
2026-03-18 23:03:18 0 [Note] InnoDB: Setting file 'F:\person2\mysql\data\ibtmp1' size to 12 MB. Physically writing the file full; Please wait ...
2026-03-18 23:03:18 0 [Note] InnoDB: File 'F:\person2\mysql\data\ibtmp1' size is now 12 MB.
2026-03-18 23:03:18 0 [Note] InnoDB: Waiting for purge to start
2026-03-18 23:03:18 0 [Note] InnoDB: 10.4.32 started; log sequence number 300324; transaction id 170
2026-03-18 23:03:18 0 [Note] InnoDB: Loading buffer pool(s) from F:\person2\mysql\data\ib_buffer_pool
2026-03-18 23:03:18 0 [Note] Plugin 'FEEDBACK' is disabled.
2026-03-18 23:03:18 0 [Note] Server socket created on IP: '::'.
2026-03-18 23:03:18 0 [Note] InnoDB: Buffer pool(s) load completed at 260318 23:03:18
2026-03-18 23:03:18 0 [ERROR] Can't start server: Bind on TCP/IP port. Got error: 10048: Only one usage of each socket address (protocol/network address/port) is normally permitted.

2026-03-18 23:03:18 0 [ERROR] Do you already have another mysqld server running on port: 3306 ?
2026-03-18 23:03:18 0 [ERROR] Aborting
2026-03-18 23:07:29 0 [Note] Starting MariaDB 10.4.32-MariaDB source revision c4143f909528e3fab0677a28631d10389354c491 as process 4840
2026-03-18 23:07:29 0 [Note] InnoDB: Mutexes and rw_locks use Windows interlocked functions
2026-03-18 23:07:29 0 [Note] InnoDB: Uses event mutexes
2026-03-18 23:07:29 0 [Note] InnoDB: Compressed tables use zlib 1.3
2026-03-18 23:07:29 0 [Note] InnoDB: Number of pools: 1
2026-03-18 23:07:29 0 [Note] InnoDB: Using SSE2 crc32 instructions
2026-03-18 23:07:29 0 [Note] InnoDB: Initializing buffer pool, total size = 16M, instances = 1, chunk size = 16M
2026-03-18 23:07:29 0 [Note] InnoDB: Completed initialization of buffer pool
2026-03-18 23:07:29 0 [Note] InnoDB: 128 out of 128 rollback segments are active.
2026-03-18 23:07:29 0 [Note] InnoDB: Creating shared tablespace for temporary tables
2026-03-18 23:07:29 0 [Note] InnoDB: Setting file 'F:\person2\mysql\data\ibtmp1' size to 12 MB. Physically writing the file full; Please wait ...
2026-03-18 23:07:29 0 [Note] InnoDB: File 'F:\person2\mysql\data\ibtmp1' size is now 12 MB.
2026-03-18 23:07:29 0 [Note] InnoDB: Waiting for purge to start
2026-03-18 23:07:29 0 [Note] InnoDB: 10.4.32 started; log sequence number 300333; transaction id 170
2026-03-18 23:07:29 0 [Note] InnoDB: Loading buffer pool(s) from F:\person2\mysql\data\ib_buffer_pool
2026-03-18 23:07:29 0 [Note] Plugin 'FEEDBACK' is disabled.
2026-03-18 23:07:29 0 [Note] Server socket created on IP: '::'.
2026-03-19 21:55:30 0 [Note] Starting MariaDB 10.4.32-MariaDB source revision c4143f909528e3fab0677a28631d10389354c491 as process 24284
2026-03-19 21:55:30 0 [Note] InnoDB: Mutexes and rw_locks use Windows interlocked functions
2026-03-19 21:55:30 0 [Note] InnoDB: Uses event mutexes
2026-03-19 21:55:30 0 [Note] InnoDB: Compressed tables use zlib 1.3
2026-03-19 21:55:30 0 [Note] InnoDB: Number of pools: 1
2026-03-19 21:55:30 0 [Note] InnoDB: Using SSE2 crc32 instructions
2026-03-19 21:55:30 0 [Note] InnoDB: Initializing buffer pool, total size = 16M, instances = 1, chunk size = 16M
2026-03-19 21:55:30 0 [Note] InnoDB: Completed initialization of buffer pool
2026-03-19 21:55:30 0 [Note] InnoDB: Starting crash recovery from checkpoint LSN=341462
2026-03-19 21:55:31 0 [Note] InnoDB: 128 out of 128 rollback segments are active.
2026-03-19 21:55:31 0 [Note] InnoDB: Removed temporary tablespace data file: "ibtmp1"
2026-03-19 21:55:31 0 [Note] InnoDB: Creating shared tablespace for temporary tables
2026-03-19 21:55:31 0 [Note] InnoDB: Setting file 'F:\person2\mysql\data\ibtmp1' size to 12 MB. Physically writing the file full; Please wait ...
2026-03-19 21:55:31 0 [Note] InnoDB: File 'F:\person2\mysql\data\ibtmp1' size is now 12 MB.
2026-03-19 21:55:31 0 [Note] InnoDB: Waiting for purge to start
2026-03-19 21:55:31 0 [Note] InnoDB: 10.4.32 started; log sequence number 341471; transaction id 241
2026-03-19 21:55:31 0 [Note] InnoDB: Loading buffer pool(s) from F:\person2\mysql\data\ib_buffer_pool
2026-03-19 21:55:31 0 [Note] Plugin 'FEEDBACK' is disabled.
2026-03-19 21:55:31 0 [Note] InnoDB: Buffer pool(s) load completed at 260319 21:55:31
2026-03-19 21:55:31 0 [Note] Server socket created on IP: '::'.
2026-03-19 22:25:49 0 [Note] Starting MariaDB 10.4.32-MariaDB source revision c4143f909528e3fab0677a28631d10389354c491 as process 6268
2026-03-19 22:25:49 0 [Note] InnoDB: Mutexes and rw_locks use Windows interlocked functions
2026-03-19 22:25:49 0 [Note] InnoDB: Uses event mutexes
2026-03-19 22:25:49 0 [Note] InnoDB: Compressed tables use zlib 1.3
2026-03-19 22:25:49 0 [Note] InnoDB: Number of pools: 1
2026-03-19 22:25:49 0 [Note] InnoDB: Using SSE2 crc32 instructions
2026-03-19 22:25:49 0 [Note] InnoDB: Initializing buffer pool, total size = 16M, instances = 1, chunk size = 16M
2026-03-19 22:25:49 0 [Note] InnoDB: Completed initialization of buffer pool
2026-03-19 22:25:49 0 [Note] InnoDB: Starting crash recovery from checkpoint LSN=341480
2026-03-19 22:25:49 0 [Note] InnoDB: 128 out of 128 rollback segments are active.
2026-03-19 22:25:49 0 [Note] InnoDB: Removed temporary tablespace data file: "ibtmp1"
2026-03-19 22:25:49 0 [Note] InnoDB: Creating shared tablespace for temporary tables
2026-03-19 22:25:49 0 [Note] InnoDB: Setting file 'F:\person2\mysql\data\ibtmp1' size to 12 MB. Physically writing the file full; Please wait ...
2026-03-19 22:25:49 0 [Note] InnoDB: File 'F:\person2\mysql\data\ibtmp1' size is now 12 MB.
2026-03-19 22:25:49 0 [Note] InnoDB: Waiting for purge to start
2026-03-19 22:25:49 0 [Note] InnoDB: 10.4.32 started; log sequence number 341489; transaction id 241
2026-03-19 22:25:49 0 [Note] InnoDB: Loading buffer pool(s) from F:\person2\mysql\data\ib_buffer_pool
2026-03-19 22:25:49 0 [Note] Plugin 'FEEDBACK' is disabled.
2026-03-19 22:25:49 0 [Note] Server socket created on IP: '::'.
2026-03-19 22:25:49 0 [Note] InnoDB: Buffer pool(s) load completed at 260319 22:25:49
